<?xml version="1.0" encoding="UTF-8"?>
<!-- Generated by org.testng.reporters.JUnitXMLReporter -->
<testsuite ignored="0" hostname="Amruta" failures="0" tests="12" name="Firefox" time="9.512" errors="0" timestamp="15 Feb 2023 09:30:07 GMT">
  <testcase classname="testNgPack.TestNgClass" name="@BeforeMethod openSignUpPage" time="0.008">
    <failure type="org.openqa.selenium.NoSuchWindowException" message="Browsing context has been discarded
Build info: version: &amp;apos;3.141.59&amp;apos;, revision: &amp;apos;e82be7d358&amp;apos;, time: &amp;apos;2018-11-14T08:17:03&amp;apos;
System info: host: &amp;apos;AMRUTA&amp;apos;, ip: &amp;apos;192.168.1.100&amp;apos;, os.name: &amp;apos;Windows 11&amp;apos;, os.arch: &amp;apos;amd64&amp;apos;, os.version: &amp;apos;10.0&amp;apos;, java.version: &amp;apos;18.0.2.1&amp;apos;
Driver info: org.openqa.selenium.firefox.FirefoxDriver
Capabilities {acceptInsecureCerts: true, browserName: firefox, browserVersion: 109.0.1, javascriptEnabled: true, moz:accessibilityChecks: false, moz:buildID: 20230127170202, moz:geckodriverVersion: 0.32.1, moz:headless: false, moz:platformVersion: 10.0, moz:processID: 24936, moz:profile: C:\Users\phada\AppData\Loca..., moz:shutdownTimeout: 60000, moz:useNonSpecCompliantPointerOrigin: false, moz:webdriverClick: true, moz:windowless: false, pageLoadStrategy: normal, platform: WINDOWS, platformName: WINDOWS, proxy: Proxy(), setWindowRect: true, strictFileInteractability: false, timeouts: {implicit: 0, pageLoad: 300000, script: 30000}, unhandledPromptBehavior: dismiss and notify}
Session ID: 1acc5ca7-054c-47a8-9e63-6ed49eaaa87d">
      <![CDATA[org.openqa.selenium.NoSuchWindowException: Browsing context has been discarded
Build info: version: '3.141.59', revision: 'e82be7d358', time: '2018-11-14T08:17:03'
System info: host: 'AMRUTA', ip: '192.168.1.100', os.name: 'Windows 11', os.arch: 'amd64', os.version: '10.0', java.version: '18.0.2.1'
Driver info: org.openqa.selenium.firefox.FirefoxDriver
Capabilities {acceptInsecureCerts: true, browserName: firefox, browserVersion: 109.0.1, javascriptEnabled: true, moz:accessibilityChecks: false, moz:buildID: 20230127170202, moz:geckodriverVersion: 0.32.1, moz:headless: false, moz:platformVersion: 10.0, moz:processID: 24936, moz:profile: C:\Users\phada\AppData\Loca..., moz:shutdownTimeout: 60000, moz:useNonSpecCompliantPointerOrigin: false, moz:webdriverClick: true, moz:windowless: false, pageLoadStrategy: normal, platform: WINDOWS, platformName: WINDOWS, proxy: Proxy(), setWindowRect: true, strictFileInteractability: false, timeouts: {implicit: 0, pageLoad: 300000, script: 30000}, unhandledPromptBehavior: dismiss and notify}
Session ID: 1acc5ca7-054c-47a8-9e63-6ed49eaaa87d
at org.openqa.selenium.remote.http.W3CHttpResponseCodec.createException(W3CHttpResponseCodec.java:187)
at org.openqa.selenium.remote.http.W3CHttpResponseCodec.decode(W3CHttpResponseCodec.java:122)
at org.openqa.selenium.remote.http.W3CHttpResponseCodec.decode(W3CHttpResponseCodec.java:49)
at org.openqa.selenium.remote.HttpCommandExecutor.execute(HttpCommandExecutor.java:158)
at org.openqa.selenium.remote.service.DriverCommandExecutor.execute(DriverCommandExecutor.java:83)
at org.openqa.selenium.remote.RemoteWebDriver.execute(RemoteWebDriver.java:552)
at org.openqa.selenium.remote.RemoteWebDriver.get(RemoteWebDriver.java:277)
at testNgPack.TestNgClass.openSignUpPage(TestNgClass.java:59)
at java.base/java.util.concurrent.ThreadPoolExecutor.runWorker(ThreadPoolExecutor.java:1136)
at java.base/java.util.concurrent.ThreadPoolExecutor$Worker.run(ThreadPoolExecutor.java:635)
at java.base/java.lang.Thread.run(Thread.java:833)
... Removed 14 stack frames]]>
    </failure>
  </testcase> <!-- @BeforeMethod openSignUpPage -->
  <testcase classname="testNgPack.TestNgClass" name="@AfterMethod afterMethod" time="0.0">
    <skipped/>
  </testcase> <!-- @AfterMethod afterMethod -->
  <testcase classname="testNgPack.TestNgClass" name="@BeforeMethod openSignUpPage" time="0.0">
    <skipped/>
  </testcase> <!-- @BeforeMethod openSignUpPage -->
  <testcase classname="testNgPack.TestNgClass" name="@AfterMethod afterMethod" time="0.0">
    <skipped/>
  </testcase> <!-- @AfterMethod afterMethod -->
  <testcase classname="testNgPack.TestNgClass" name="@AfterClass afterClass" time="0.0">
    <skipped/>
  </testcase> <!-- @AfterClass afterClass -->
  <testcase classname="testNgPack.TestNgFormClass" name="@BeforeMethod openSignUpPage" time="0.018">
    <failure type="org.openqa.selenium.NoSuchSessionException" message="Tried to run command without establishing a connection
Build info: version: &amp;apos;3.141.59&amp;apos;, revision: &amp;apos;e82be7d358&amp;apos;, time: &amp;apos;2018-11-14T08:17:03&amp;apos;
System info: host: &amp;apos;AMRUTA&amp;apos;, ip: &amp;apos;192.168.1.100&amp;apos;, os.name: &amp;apos;Windows 11&amp;apos;, os.arch: &amp;apos;amd64&amp;apos;, os.version: &amp;apos;10.0&amp;apos;, java.version: &amp;apos;18.0.2.1&amp;apos;
Driver info: org.openqa.selenium.firefox.FirefoxDriver
Capabilities {acceptInsecureCerts: true, browserName: firefox, browserVersion: 109.0.1, javascriptEnabled: true, moz:accessibilityChecks: false, moz:buildID: 20230127170202, moz:geckodriverVersion: 0.32.1, moz:headless: false, moz:platformVersion: 10.0, moz:processID: 28272, moz:profile: C:\Users\phada\AppData\Loca..., moz:shutdownTimeout: 60000, moz:useNonSpecCompliantPointerOrigin: false, moz:webdriverClick: true, moz:windowless: false, pageLoadStrategy: normal, platform: WINDOWS, platformName: WINDOWS, proxy: Proxy(), setWindowRect: true, strictFileInteractability: false, timeouts: {implicit: 0, pageLoad: 300000, script: 30000}, unhandledPromptBehavior: dismiss and notify}
Session ID: d6a61a62-7da5-417a-912a-26af695406a9">
      <![CDATA[org.openqa.selenium.NoSuchSessionException: Tried to run command without establishing a connection
Build info: version: '3.141.59', revision: 'e82be7d358', time: '2018-11-14T08:17:03'
System info: host: 'AMRUTA', ip: '192.168.1.100', os.name: 'Windows 11', os.arch: 'amd64', os.version: '10.0', java.version: '18.0.2.1'
Driver info: org.openqa.selenium.firefox.FirefoxDriver
Capabilities {acceptInsecureCerts: true, browserName: firefox, browserVersion: 109.0.1, javascriptEnabled: true, moz:accessibilityChecks: false, moz:buildID: 20230127170202, moz:geckodriverVersion: 0.32.1, moz:headless: false, moz:platformVersion: 10.0, moz:processID: 28272, moz:profile: C:\Users\phada\AppData\Loca..., moz:shutdownTimeout: 60000, moz:useNonSpecCompliantPointerOrigin: false, moz:webdriverClick: true, moz:windowless: false, pageLoadStrategy: normal, platform: WINDOWS, platformName: WINDOWS, proxy: Proxy(), setWindowRect: true, strictFileInteractability: false, timeouts: {implicit: 0, pageLoad: 300000, script: 30000}, unhandledPromptBehavior: dismiss and notify}
Session ID: d6a61a62-7da5-417a-912a-26af695406a9
at org.openqa.selenium.remote.http.W3CHttpResponseCodec.createException(W3CHttpResponseCodec.java:187)
at org.openqa.selenium.remote.http.W3CHttpResponseCodec.decode(W3CHttpResponseCodec.java:122)
at org.openqa.selenium.remote.http.W3CHttpResponseCodec.decode(W3CHttpResponseCodec.java:49)
at org.openqa.selenium.remote.HttpCommandExecutor.execute(HttpCommandExecutor.java:158)
at org.openqa.selenium.remote.service.DriverCommandExecutor.execute(DriverCommandExecutor.java:83)
at org.openqa.selenium.remote.RemoteWebDriver.execute(RemoteWebDriver.java:552)
at org.openqa.selenium.remote.RemoteWebDriver.get(RemoteWebDriver.java:277)
at testNgPack.TestNgFormClass.openSignUpPage(TestNgFormClass.java:59)
at java.base/java.util.concurrent.ThreadPoolExecutor.runWorker(ThreadPoolExecutor.java:1136)
at java.base/java.util.concurrent.ThreadPoolExecutor$Worker.run(ThreadPoolExecutor.java:635)
at java.base/java.lang.Thread.run(Thread.java:833)
... Removed 14 stack frames]]>
    </failure>
  </testcase> <!-- @BeforeMethod openSignUpPage -->
  <testcase classname="testNgPack.TestNgFormClass" name="@AfterMethod afterMethod" time="0.0">
    <skipped/>
  </testcase> <!-- @AfterMethod afterMethod -->
  <testcase classname="testNgPack.TestNgFormClass" name="@BeforeMethod openSignUpPage" time="0.0">
    <skipped/>
  </testcase> <!-- @BeforeMethod openSignUpPage -->
  <testcase classname="testNgPack.TestNgFormClass" name="@AfterMethod afterMethod" time="0.0">
    <skipped/>
  </testcase> <!-- @AfterMethod afterMethod -->
  <testcase classname="testNgPack.TestNgFormClass" name="@BeforeMethod openSignUpPage" time="0.0">
    <skipped/>
  </testcase> <!-- @BeforeMethod openSignUpPage -->
  <testcase classname="testNgPack.TestNgFormClass" name="@AfterMethod afterMethod" time="0.0">
    <skipped/>
  </testcase> <!-- @AfterMethod afterMethod -->
  <testcase classname="testNgPack.TestNgFormClass" name="@BeforeMethod openSignUpPage" time="0.0">
    <skipped/>
  </testcase> <!-- @BeforeMethod openSignUpPage -->
  <testcase classname="testNgPack.TestNgFormClass" name="@AfterMethod afterMethod" time="0.0">
    <skipped/>
  </testcase> <!-- @AfterMethod afterMethod -->
  <testcase classname="testNgPack.TestNgFormClass" name="@BeforeMethod openSignUpPage" time="0.0">
    <skipped/>
  </testcase> <!-- @BeforeMethod openSignUpPage -->
  <testcase classname="testNgPack.TestNgFormClass" name="@AfterMethod afterMethod" time="0.0">
    <skipped/>
  </testcase> <!-- @AfterMethod afterMethod -->
  <testcase classname="testNgPack.TestNgFormClass" name="@BeforeMethod openSignUpPage" time="0.0">
    <skipped/>
  </testcase> <!-- @BeforeMethod openSignUpPage -->
  <testcase classname="testNgPack.TestNgFormClass" name="@AfterMethod afterMethod" time="0.0">
    <skipped/>
  </testcase> <!-- @AfterMethod afterMethod -->
  <testcase classname="testNgPack.TestNgFormClass" name="@BeforeMethod openSignUpPage" time="0.0">
    <skipped/>
  </testcase> <!-- @BeforeMethod openSignUpPage -->
  <testcase classname="testNgPack.TestNgFormClass" name="@AfterMethod afterMethod" time="0.0">
    <skipped/>
  </testcase> <!-- @AfterMethod afterMethod -->
  <testcase classname="testNgPack.TestNgFormClass" name="@BeforeMethod openSignUpPage" time="0.0">
    <skipped/>
  </testcase> <!-- @BeforeMethod openSignUpPage -->
  <testcase classname="testNgPack.TestNgFormClass" name="@AfterMethod afterMethod" time="0.0">
    <skipped/>
  </testcase> <!-- @AfterMethod afterMethod -->
  <testcase classname="testNgPack.TestNgFormClass" name="@AfterClass afterClass" time="0.0">
    <skipped/>
  </testcase> <!-- @AfterClass afterClass -->
  <testcase classname="testNgPack.TestNgClass" name="verifyTermsLink" time="1.207"/>
  <testcase classname="testNgPack.TestNgClass" name="verifycookiespolicylink" time="0.0">
    <skipped/>
  </testcase> <!-- verifycookiespolicylink -->
  <testcase classname="testNgPack.TestNgClass" name="verifyprivacypolicylink" time="0.0">
    <skipped/>
  </testcase> <!-- verifyprivacypolicylink -->
  <testcase classname="testNgPack.TestNgFormClass" name="verifyFirstName" time="1.161"/>
  <testcase classname="testNgPack.TestNgFormClass" name="verifyFirstname" time="0.0">
    <skipped/>
  </testcase> <!-- verifyFirstname -->
  <testcase classname="testNgPack.TestNgFormClass" name="verifyLastName" time="0.0">
    <skipped/>
  </testcase> <!-- verifyLastName -->
  <testcase classname="testNgPack.TestNgFormClass" name="verifyMoblieNo" time="0.0">
    <skipped/>
  </testcase> <!-- verifyMoblieNo -->
  <testcase classname="testNgPack.TestNgFormClass" name="verifydaydropdown" time="0.0">
    <skipped/>
  </testcase> <!-- verifydaydropdown -->
  <testcase classname="testNgPack.TestNgFormClass" name="verifymaleRadioButton" time="0.0">
    <skipped/>
  </testcase> <!-- verifymaleRadioButton -->
  <testcase classname="testNgPack.TestNgFormClass" name="verifymonthdropdown" time="0.0">
    <skipped/>
  </testcase> <!-- verifymonthdropdown -->
  <testcase classname="testNgPack.TestNgFormClass" name="verifypassword" time="0.0">
    <skipped/>
  </testcase> <!-- verifypassword -->
  <testcase classname="testNgPack.TestNgFormClass" name="verifyyeardropdown" time="0.0">
    <skipped/>
  </testcase> <!-- verifyyeardropdown -->
</testsuite> <!-- Firefox -->
