<?xml version="1.0" encoding="UTF-8"?>
<!-- Generated by org.testng.reporters.JUnitXMLReporter -->
<testsuite ignored="0" hostname="Amruta" failures="0" tests="3" name="Default test" time="15.338" errors="0" timestamp="28 Jan 2023 16:39:31 GMT">
  <testcase classname="testNgPack.TestNgClass" name="verifyTermsLink" time="2.535"/>
  <testcase classname="testNgPack.TestNgClass" name="verifycookiespolicylink" time="2.678"/>
  <testcase classname="testNgPack.TestNgClass" name="verifyprivacypolicylink" time="2.862"/>
</testsuite> <!-- Default test -->
